{"C:\\PASTAD\\SYNC-MEU WEB\\LEARN\\HELPDESK FULLSTACK\\api\\src\\app.ts": {"path":"C:\\PASTAD\\SYNC-MEU WEB\\LEARN\\HELPDESK FULLSTACK\\api\\src\\app.ts","statementMap":{"0":{"start":{"line":1,"column":0},"end":{"line":1,"column":29}},"1":{"start":{"line":2,"column":0},"end":{"line":2,"column":23}},"2":{"start":{"line":4,"column":0},"end":{"line":4,"column":33}},"3":{"start":{"line":5,"column":0},"end":{"line":5,"column":53}},"4":{"start":{"line":6,"column":0},"end":{"line":6,"column":60}},"5":{"start":{"line":8,"column":12},"end":{"line":8,"column":21}},"6":{"start":{"line":24,"column":9},"end":{"line":24,"column":12}},"7":{"start":{"line":10,"column":0},"end":{"line":10,"column":null}},"8":{"start":{"line":11,"column":0},"end":{"line":11,"column":null}},"9":{"start":{"line":13,"column":0},"end":{"line":15,"column":null}},"10":{"start":{"line":14,"column":2},"end":{"line":14,"column":null}},"11":{"start":{"line":18,"column":0},"end":{"line":18,"column":null}},"12":{"start":{"line":21,"column":0},"end":{"line":21,"column":null}},"13":{"start":{"line":22,"column":0},"end":{"line":22,"column":null}}},"fnMap":{"0":{"name":"(anonymous_1)","decl":{"start":{"line":13,"column":13},"end":{"line":13,"column":14}},"loc":{"start":{"line":13,"column":26},"end":{"line":15,"column":1}}}},"branchMap":{},"s":{"0":1,"1":1,"2":1,"3":1,"4":1,"5":1,"6":1,"7":1,"8":1,"9":1,"10":0,"11":1,"12":1,"13":1},"f":{"0":0},"b":{}}
,"C:\\PASTAD\\SYNC-MEU WEB\\LEARN\\HELPDESK FULLSTACK\\api\\src\\controllers\\tickets-controller.ts": {"path":"C:\\PASTAD\\SYNC-MEU WEB\\LEARN\\HELPDESK FULLSTACK\\api\\src\\controllers\\tickets-controller.ts","statementMap":{"0":{"start":{"line":2,"column":0},"end":{"line":2,"column":38}},"1":{"start":{"line":3,"column":0},"end":{"line":3,"column":23}},"2":{"start":{"line":4,"column":0},"end":{"line":4,"column":43}},"3":{"start":{"line":6,"column":25},"end":{"line":6,"column":66}},"4":{"start":{"line":10,"column":23},"end":{"line":18,"column":6}},"5":{"start":{"line":21,"column":6},"end":{"line":21,"column":36}},"6":{"start":{"line":23,"column":4},"end":{"line":25,"column":5}},"7":{"start":{"line":24,"column":6},"end":{"line":24,"column":null}},"8":{"start":{"line":29,"column":20},"end":{"line":31,"column":6}},"9":{"start":{"line":32,"column":4},"end":{"line":34,"column":5}},"10":{"start":{"line":33,"column":6},"end":{"line":33,"column":null}},"11":{"start":{"line":36,"column":19},"end":{"line":49,"column":6}},"12":{"start":{"line":51,"column":4},"end":{"line":51,"column":null}},"13":{"start":{"line":55,"column":4},"end":{"line":57,"column":5}},"14":{"start":{"line":56,"column":6},"end":{"line":56,"column":null}},"15":{"start":{"line":59,"column":24},"end":{"line":63,"column":6}},"16":{"start":{"line":65,"column":30},"end":{"line":65,"column":62}},"17":{"start":{"line":67,"column":17},"end":{"line":67,"column":37}},"18":{"start":{"line":69,"column":23},"end":{"line":69,"column":55}},"19":{"start":{"line":71,"column":24},"end":{"line":71,"column":69}},"20":{"start":{"line":74,"column":20},"end":{"line":85,"column":6}},"21":{"start":{"line":87,"column":25},"end":{"line":87,"column":75}},"22":{"start":{"line":89,"column":23},"end":{"line":89,"column":56}},"23":{"start":{"line":92,"column":29},"end":{"line":110,"column":6}},"24":{"start":{"line":95,"column":8},"end":{"line":98,"column":14}},"25":{"start":{"line":96,"column":28},"end":{"line":96,"column":55}},"26":{"start":{"line":100,"column":25},"end":{"line":100,"column":56}},"27":{"start":{"line":103,"column":53},"end":{"line":103,"column":59}},"28":{"start":{"line":105,"column":6},"end":{"line":109,"column":null}},"29":{"start":{"line":112,"column":4},"end":{"line":120,"column":null}},"30":{"start":{"line":124,"column":25},"end":{"line":126,"column":6}},"31":{"start":{"line":128,"column":19},"end":{"line":128,"column":53}},"32":{"start":{"line":130,"column":22},"end":{"line":133,"column":6}},"33":{"start":{"line":135,"column":4},"end":{"line":137,"column":5}},"34":{"start":{"line":136,"column":6},"end":{"line":136,"column":null}},"35":{"start":{"line":141,"column":19},"end":{"line":141,"column":78}},"36":{"start":{"line":144,"column":26},"end":{"line":146,"column":null}},"37":{"start":{"line":145,"column":24},"end":{"line":145,"column":51}},"38":{"start":{"line":149,"column":23},"end":{"line":149,"column":57}},"39":{"start":{"line":151,"column":19},"end":{"line":155,"column":null}},"40":{"start":{"line":157,"column":4},"end":{"line":157,"column":null}},"41":{"start":{"line":161,"column":25},"end":{"line":163,"column":6}},"42":{"start":{"line":164,"column":23},"end":{"line":174,"column":8}},"43":{"start":{"line":172,"column":24},"end":{"line":172,"column":52}},"44":{"start":{"line":176,"column":4},"end":{"line":176,"column":null}},"45":{"start":{"line":176,"column":23},"end":{"line":176,"column":null}},"46":{"start":{"line":177,"column":4},"end":{"line":179,"column":5}},"47":{"start":{"line":178,"column":6},"end":{"line":178,"column":null}},"48":{"start":{"line":181,"column":19},"end":{"line":181,"column":53}},"49":{"start":{"line":182,"column":20},"end":{"line":182,"column":50}},"50":{"start":{"line":184,"column":19},"end":{"line":184,"column":69}},"51":{"start":{"line":185,"column":4},"end":{"line":185,"column":null}},"52":{"start":{"line":185,"column":17},"end":{"line":185,"column":null}},"53":{"start":{"line":187,"column":20},"end":{"line":193,"column":6}},"54":{"start":{"line":195,"column":4},"end":{"line":197,"column":null}},"55":{"start":{"line":201,"column":25},"end":{"line":203,"column":6}},"56":{"start":{"line":204,"column":4},"end":{"line":204,"column":null}},"57":{"start":{"line":204,"column":23},"end":{"line":204,"column":null}},"58":{"start":{"line":205,"column":4},"end":{"line":207,"column":5}},"59":{"start":{"line":206,"column":6},"end":{"line":206,"column":null}},"60":{"start":{"line":208,"column":19},"end":{"line":208,"column":53}},"61":{"start":{"line":210,"column":19},"end":{"line":210,"column":69}},"62":{"start":{"line":211,"column":4},"end":{"line":211,"column":null}},"63":{"start":{"line":211,"column":17},"end":{"line":211,"column":null}},"64":{"start":{"line":213,"column":4},"end":{"line":213,"column":null}},"65":{"start":{"line":214,"column":4},"end":{"line":214,"column":null}},"66":{"start":{"line":218,"column":4},"end":{"line":218,"column":null}},"67":{"start":{"line":218,"column":27},"end":{"line":218,"column":null}},"68":{"start":{"line":220,"column":25},"end":{"line":220,"column":79}},"69":{"start":{"line":221,"column":19},"end":{"line":221,"column":53}},"70":{"start":{"line":223,"column":19},"end":{"line":223,"column":69}},"71":{"start":{"line":224,"column":4},"end":{"line":224,"column":null}},"72":{"start":{"line":224,"column":17},"end":{"line":224,"column":null}},"73":{"start":{"line":226,"column":4},"end":{"line":228,"column":5}},"74":{"start":{"line":227,"column":6},"end":{"line":227,"column":null}},"75":{"start":{"line":230,"column":20},"end":{"line":234,"column":6}},"76":{"start":{"line":236,"column":4},"end":{"line":238,"column":null}},"77":{"start":{"line":242,"column":4},"end":{"line":242,"column":null}},"78":{"start":{"line":242,"column":27},"end":{"line":242,"column":null}},"79":{"start":{"line":244,"column":25},"end":{"line":244,"column":79}},"80":{"start":{"line":245,"column":19},"end":{"line":245,"column":53}},"81":{"start":{"line":247,"column":19},"end":{"line":247,"column":69}},"82":{"start":{"line":248,"column":4},"end":{"line":248,"column":null}},"83":{"start":{"line":248,"column":17},"end":{"line":248,"column":null}},"84":{"start":{"line":250,"column":4},"end":{"line":252,"column":5}},"85":{"start":{"line":251,"column":6},"end":{"line":251,"column":null}},"86":{"start":{"line":254,"column":4},"end":{"line":256,"column":5}},"87":{"start":{"line":255,"column":6},"end":{"line":255,"column":null}},"88":{"start":{"line":258,"column":23},"end":{"line":262,"column":6}},"89":{"start":{"line":264,"column":19},"end":{"line":264,"column":78}},"90":{"start":{"line":267,"column":26},"end":{"line":269,"column":null}},"91":{"start":{"line":268,"column":24},"end":{"line":268,"column":51}},"92":{"start":{"line":272,"column":23},"end":{"line":272,"column":58}},"93":{"start":{"line":274,"column":20},"end":{"line":278,"column":null}},"94":{"start":{"line":280,"column":4},"end":{"line":282,"column":null}},"95":{"start":{"line":286,"column":4},"end":{"line":286,"column":null}},"96":{"start":{"line":286,"column":27},"end":{"line":286,"column":null}},"97":{"start":{"line":288,"column":25},"end":{"line":288,"column":79}},"98":{"start":{"line":289,"column":19},"end":{"line":289,"column":53}},"99":{"start":{"line":291,"column":19},"end":{"line":291,"column":69}},"100":{"start":{"line":292,"column":4},"end":{"line":292,"column":null}},"101":{"start":{"line":292,"column":17},"end":{"line":292,"column":null}},"102":{"start":{"line":294,"column":4},"end":{"line":296,"column":5}},"103":{"start":{"line":295,"column":6},"end":{"line":295,"column":null}},"104":{"start":{"line":299,"column":20},"end":{"line":299,"column":49}},"105":{"start":{"line":300,"column":4},"end":{"line":302,"column":5}},"106":{"start":{"line":301,"column":6},"end":{"line":301,"column":null}},"107":{"start":{"line":304,"column":20},"end":{"line":308,"column":6}},"108":{"start":{"line":310,"column":4},"end":{"line":312,"column":null}},"109":{"start":{"line":316,"column":4},"end":{"line":316,"column":null}},"110":{"start":{"line":316,"column":27},"end":{"line":316,"column":null}},"111":{"start":{"line":318,"column":25},"end":{"line":318,"column":79}},"112":{"start":{"line":319,"column":19},"end":{"line":319,"column":53}},"113":{"start":{"line":321,"column":19},"end":{"line":321,"column":69}},"114":{"start":{"line":322,"column":4},"end":{"line":322,"column":null}},"115":{"start":{"line":322,"column":17},"end":{"line":322,"column":null}},"116":{"start":{"line":324,"column":4},"end":{"line":326,"column":5}},"117":{"start":{"line":325,"column":6},"end":{"line":325,"column":null}},"118":{"start":{"line":329,"column":20},"end":{"line":329,"column":49}},"119":{"start":{"line":330,"column":4},"end":{"line":332,"column":5}},"120":{"start":{"line":331,"column":6},"end":{"line":331,"column":null}},"121":{"start":{"line":334,"column":20},"end":{"line":338,"column":6}},"122":{"start":{"line":340,"column":4},"end":{"line":342,"column":null}},"123":{"start":{"line":347,"column":25},"end":{"line":347,"column":79}},"124":{"start":{"line":348,"column":19},"end":{"line":348,"column":53}},"125":{"start":{"line":350,"column":19},"end":{"line":350,"column":69}},"126":{"start":{"line":351,"column":4},"end":{"line":351,"column":null}},"127":{"start":{"line":351,"column":17},"end":{"line":351,"column":null}},"128":{"start":{"line":353,"column":18},"end":{"line":356,"column":6}},"129":{"start":{"line":358,"column":4},"end":{"line":358,"column":null}},"130":{"start":{"line":363,"column":4},"end":{"line":363,"column":null}},"131":{"start":{"line":363,"column":27},"end":{"line":363,"column":null}},"132":{"start":{"line":365,"column":25},"end":{"line":365,"column":79}},"133":{"start":{"line":366,"column":23},"end":{"line":369,"column":6}},"134":{"start":{"line":371,"column":19},"end":{"line":371,"column":53}},"135":{"start":{"line":372,"column":29},"end":{"line":372,"column":59}},"136":{"start":{"line":374,"column":19},"end":{"line":374,"column":69}},"137":{"start":{"line":375,"column":4},"end":{"line":375,"column":null}},"138":{"start":{"line":375,"column":17},"end":{"line":375,"column":null}},"139":{"start":{"line":377,"column":4},"end":{"line":379,"column":5}},"140":{"start":{"line":378,"column":6},"end":{"line":378,"column":null}},"141":{"start":{"line":382,"column":20},"end":{"line":382,"column":49}},"142":{"start":{"line":383,"column":4},"end":{"line":387,"column":5}},"143":{"start":{"line":384,"column":6},"end":{"line":386,"column":7}},"144":{"start":{"line":385,"column":8},"end":{"line":385,"column":null}},"145":{"start":{"line":389,"column":20},"end":{"line":395,"column":6}},"146":{"start":{"line":397,"column":4},"end":{"line":397,"column":null}},"147":{"start":{"line":402,"column":4},"end":{"line":402,"column":null}},"148":{"start":{"line":402,"column":27},"end":{"line":402,"column":null}},"149":{"start":{"line":404,"column":25},"end":{"line":407,"column":6}},"150":{"start":{"line":409,"column":27},"end":{"line":409,"column":61}},"151":{"start":{"line":411,"column":19},"end":{"line":411,"column":69}},"152":{"start":{"line":412,"column":4},"end":{"line":412,"column":null}},"153":{"start":{"line":412,"column":17},"end":{"line":412,"column":null}},"154":{"start":{"line":414,"column":4},"end":{"line":416,"column":5}},"155":{"start":{"line":415,"column":6},"end":{"line":415,"column":null}},"156":{"start":{"line":418,"column":17},"end":{"line":418,"column":76}},"157":{"start":{"line":419,"column":4},"end":{"line":421,"column":5}},"158":{"start":{"line":420,"column":6},"end":{"line":420,"column":null}},"159":{"start":{"line":424,"column":20},"end":{"line":424,"column":49}},"160":{"start":{"line":425,"column":4},"end":{"line":429,"column":5}},"161":{"start":{"line":426,"column":6},"end":{"line":428,"column":7}},"162":{"start":{"line":427,"column":8},"end":{"line":427,"column":null}},"163":{"start":{"line":431,"column":4},"end":{"line":431,"column":null}},"164":{"start":{"line":433,"column":4},"end":{"line":433,"column":null}},"165":{"start":{"line":437,"column":9},"end":{"line":437,"column":26}}},"fnMap":{"0":{"name":"(anonymous_1)","decl":{"start":{"line":9,"column":2},"end":{"line":9,"column":7}},"loc":{"start":{"line":9,"column":51},"end":{"line":52,"column":3}}},"1":{"name":"(anonymous_2)","decl":{"start":{"line":54,"column":2},"end":{"line":54,"column":7}},"loc":{"start":{"line":54,"column":50},"end":{"line":121,"column":3}}},"2":{"name":"(anonymous_3)","decl":{"start":{"line":92,"column":41},"end":{"line":92,"column":42}},"loc":{"start":{"line":92,"column":52},"end":{"line":110,"column":5}}},"3":{"name":"(anonymous_4)","decl":{"start":{"line":96,"column":10},"end":{"line":96,"column":11}},"loc":{"start":{"line":96,"column":28},"end":{"line":96,"column":55}}},"4":{"name":"(anonymous_5)","decl":{"start":{"line":123,"column":2},"end":{"line":123,"column":7}},"loc":{"start":{"line":123,"column":49},"end":{"line":158,"column":3}}},"5":{"name":"(anonymous_6)","decl":{"start":{"line":145,"column":6},"end":{"line":145,"column":7}},"loc":{"start":{"line":145,"column":24},"end":{"line":145,"column":51}}},"6":{"name":"(anonymous_7)","decl":{"start":{"line":160,"column":2},"end":{"line":160,"column":7}},"loc":{"start":{"line":160,"column":51},"end":{"line":198,"column":3}}},"7":{"name":"(anonymous_8)","decl":{"start":{"line":172,"column":14},"end":{"line":172,"column":15}},"loc":{"start":{"line":172,"column":24},"end":{"line":172,"column":52}}},"8":{"name":"(anonymous_9)","decl":{"start":{"line":200,"column":2},"end":{"line":200,"column":7}},"loc":{"start":{"line":200,"column":52},"end":{"line":215,"column":3}}},"9":{"name":"(anonymous_10)","decl":{"start":{"line":217,"column":2},"end":{"line":217,"column":7}},"loc":{"start":{"line":217,"column":55},"end":{"line":239,"column":3}}},"10":{"name":"(anonymous_11)","decl":{"start":{"line":241,"column":2},"end":{"line":241,"column":7}},"loc":{"start":{"line":241,"column":50},"end":{"line":283,"column":3}}},"11":{"name":"(anonymous_12)","decl":{"start":{"line":268,"column":6},"end":{"line":268,"column":7}},"loc":{"start":{"line":268,"column":24},"end":{"line":268,"column":51}}},"12":{"name":"(anonymous_13)","decl":{"start":{"line":285,"column":2},"end":{"line":285,"column":7}},"loc":{"start":{"line":285,"column":50},"end":{"line":313,"column":3}}},"13":{"name":"(anonymous_14)","decl":{"start":{"line":315,"column":2},"end":{"line":315,"column":7}},"loc":{"start":{"line":315,"column":51},"end":{"line":343,"column":3}}},"14":{"name":"(anonymous_15)","decl":{"start":{"line":346,"column":2},"end":{"line":346,"column":7}},"loc":{"start":{"line":346,"column":54},"end":{"line":359,"column":3}}},"15":{"name":"(anonymous_16)","decl":{"start":{"line":362,"column":2},"end":{"line":362,"column":7}},"loc":{"start":{"line":362,"column":52},"end":{"line":398,"column":3}}},"16":{"name":"(anonymous_17)","decl":{"start":{"line":401,"column":2},"end":{"line":401,"column":7}},"loc":{"start":{"line":401,"column":55},"end":{"line":434,"column":3}}}},"branchMap":{"0":{"loc":{"start":{"line":23,"column":4},"end":{"line":25,"column":5}},"type":"if","locations":[{"start":{"line":23,"column":4},"end":{"line":25,"column":5}}]},"1":{"loc":{"start":{"line":32,"column":4},"end":{"line":34,"column":5}},"type":"if","locations":[{"start":{"line":32,"column":4},"end":{"line":34,"column":5}}]},"2":{"loc":{"start":{"line":40,"column":16},"end":{"line":40,"column":32}},"type":"binary-expr","locations":[{"start":{"line":40,"column":16},"end":{"line":40,"column":22}},{"start":{"line":40,"column":26},"end":{"line":40,"column":32}}]},"3":{"loc":{"start":{"line":41,"column":18},"end":{"line":41,"column":57}},"type":"binary-expr","locations":[{"start":{"line":41,"column":18},"end":{"line":41,"column":26}},{"start":{"line":41,"column":30},"end":{"line":41,"column":52}},{"start":{"line":41,"column":56},"end":{"line":41,"column":57}}]},"4":{"loc":{"start":{"line":55,"column":4},"end":{"line":57,"column":5}},"type":"if","locations":[{"start":{"line":55,"column":4},"end":{"line":57,"column":5}}]},"5":{"loc":{"start":{"line":71,"column":24},"end":{"line":71,"column":69}},"type":"cond-expr","locations":[{"start":{"line":71,"column":37},"end":{"line":71,"column":64}},{"start":{"line":71,"column":67},"end":{"line":71,"column":69}}]},"6":{"loc":{"start":{"line":95,"column":8},"end":{"line":98,"column":14}},"type":"binary-expr","locations":[{"start":{"line":95,"column":8},"end":{"line":97,"column":null}},{"start":{"line":98,"column":13},"end":{"line":98,"column":14}}]},"7":{"loc":{"start":{"line":96,"column":35},"end":{"line":96,"column":54}},"type":"binary-expr","locations":[{"start":{"line":96,"column":35},"end":{"line":96,"column":49}},{"start":{"line":96,"column":53},"end":{"line":96,"column":54}}]},"8":{"loc":{"start":{"line":118,"column":20},"end":{"line":118,"column":51}},"type":"cond-expr","locations":[{"start":{"line":118,"column":37},"end":{"line":118,"column":47}},{"start":{"line":118,"column":50},"end":{"line":118,"column":51}}]},"9":{"loc":{"start":{"line":135,"column":4},"end":{"line":137,"column":5}},"type":"if","locations":[{"start":{"line":135,"column":4},"end":{"line":137,"column":5}}]},"10":{"loc":{"start":{"line":145,"column":31},"end":{"line":145,"column":50}},"type":"binary-expr","locations":[{"start":{"line":145,"column":31},"end":{"line":145,"column":45}},{"start":{"line":145,"column":49},"end":{"line":145,"column":50}}]},"11":{"loc":{"start":{"line":176,"column":4},"end":{"line":176,"column":null}},"type":"if","locations":[{"start":{"line":176,"column":4},"end":{"line":176,"column":null}}]},"12":{"loc":{"start":{"line":177,"column":4},"end":{"line":179,"column":5}},"type":"if","locations":[{"start":{"line":177,"column":4},"end":{"line":179,"column":5}}]},"13":{"loc":{"start":{"line":185,"column":4},"end":{"line":185,"column":null}},"type":"if","locations":[{"start":{"line":185,"column":4},"end":{"line":185,"column":null}}]},"14":{"loc":{"start":{"line":204,"column":4},"end":{"line":204,"column":null}},"type":"if","locations":[{"start":{"line":204,"column":4},"end":{"line":204,"column":null}}]},"15":{"loc":{"start":{"line":205,"column":4},"end":{"line":207,"column":5}},"type":"if","locations":[{"start":{"line":205,"column":4},"end":{"line":207,"column":5}}]},"16":{"loc":{"start":{"line":211,"column":4},"end":{"line":211,"column":null}},"type":"if","locations":[{"start":{"line":211,"column":4},"end":{"line":211,"column":null}}]},"17":{"loc":{"start":{"line":218,"column":4},"end":{"line":218,"column":null}},"type":"if","locations":[{"start":{"line":218,"column":4},"end":{"line":218,"column":null}}]},"18":{"loc":{"start":{"line":224,"column":4},"end":{"line":224,"column":null}},"type":"if","locations":[{"start":{"line":224,"column":4},"end":{"line":224,"column":null}}]},"19":{"loc":{"start":{"line":226,"column":4},"end":{"line":228,"column":5}},"type":"if","locations":[{"start":{"line":226,"column":4},"end":{"line":228,"column":5}}]},"20":{"loc":{"start":{"line":226,"column":8},"end":{"line":226,"column":58}},"type":"binary-expr","locations":[{"start":{"line":226,"column":8},"end":{"line":226,"column":21}},{"start":{"line":226,"column":25},"end":{"line":226,"column":58}}]},"21":{"loc":{"start":{"line":242,"column":4},"end":{"line":242,"column":null}},"type":"if","locations":[{"start":{"line":242,"column":4},"end":{"line":242,"column":null}}]},"22":{"loc":{"start":{"line":248,"column":4},"end":{"line":248,"column":null}},"type":"if","locations":[{"start":{"line":248,"column":4},"end":{"line":248,"column":null}}]},"23":{"loc":{"start":{"line":250,"column":4},"end":{"line":252,"column":5}},"type":"if","locations":[{"start":{"line":250,"column":4},"end":{"line":252,"column":5}}]},"24":{"loc":{"start":{"line":254,"column":4},"end":{"line":256,"column":5}},"type":"if","locations":[{"start":{"line":254,"column":4},"end":{"line":256,"column":5}}]},"25":{"loc":{"start":{"line":254,"column":8},"end":{"line":254,"column":58}},"type":"binary-expr","locations":[{"start":{"line":254,"column":8},"end":{"line":254,"column":21}},{"start":{"line":254,"column":25},"end":{"line":254,"column":58}}]},"26":{"loc":{"start":{"line":268,"column":31},"end":{"line":268,"column":50}},"type":"binary-expr","locations":[{"start":{"line":268,"column":31},"end":{"line":268,"column":45}},{"start":{"line":268,"column":49},"end":{"line":268,"column":50}}]},"27":{"loc":{"start":{"line":286,"column":4},"end":{"line":286,"column":null}},"type":"if","locations":[{"start":{"line":286,"column":4},"end":{"line":286,"column":null}}]},"28":{"loc":{"start":{"line":292,"column":4},"end":{"line":292,"column":null}},"type":"if","locations":[{"start":{"line":292,"column":4},"end":{"line":292,"column":null}}]},"29":{"loc":{"start":{"line":294,"column":4},"end":{"line":296,"column":5}},"type":"if","locations":[{"start":{"line":294,"column":4},"end":{"line":296,"column":5}}]},"30":{"loc":{"start":{"line":300,"column":4},"end":{"line":302,"column":5}},"type":"if","locations":[{"start":{"line":300,"column":4},"end":{"line":302,"column":5}}]},"31":{"loc":{"start":{"line":300,"column":8},"end":{"line":300,"column":53}},"type":"binary-expr","locations":[{"start":{"line":300,"column":8},"end":{"line":300,"column":16}},{"start":{"line":300,"column":20},"end":{"line":300,"column":53}}]},"32":{"loc":{"start":{"line":316,"column":4},"end":{"line":316,"column":null}},"type":"if","locations":[{"start":{"line":316,"column":4},"end":{"line":316,"column":null}}]},"33":{"loc":{"start":{"line":322,"column":4},"end":{"line":322,"column":null}},"type":"if","locations":[{"start":{"line":322,"column":4},"end":{"line":322,"column":null}}]},"34":{"loc":{"start":{"line":324,"column":4},"end":{"line":326,"column":5}},"type":"if","locations":[{"start":{"line":324,"column":4},"end":{"line":326,"column":5}}]},"35":{"loc":{"start":{"line":330,"column":4},"end":{"line":332,"column":5}},"type":"if","locations":[{"start":{"line":330,"column":4},"end":{"line":332,"column":5}}]},"36":{"loc":{"start":{"line":330,"column":8},"end":{"line":330,"column":53}},"type":"binary-expr","locations":[{"start":{"line":330,"column":8},"end":{"line":330,"column":16}},{"start":{"line":330,"column":20},"end":{"line":330,"column":53}}]},"37":{"loc":{"start":{"line":351,"column":4},"end":{"line":351,"column":null}},"type":"if","locations":[{"start":{"line":351,"column":4},"end":{"line":351,"column":null}}]},"38":{"loc":{"start":{"line":363,"column":4},"end":{"line":363,"column":null}},"type":"if","locations":[{"start":{"line":363,"column":4},"end":{"line":363,"column":null}}]},"39":{"loc":{"start":{"line":375,"column":4},"end":{"line":375,"column":null}},"type":"if","locations":[{"start":{"line":375,"column":4},"end":{"line":375,"column":null}}]},"40":{"loc":{"start":{"line":377,"column":4},"end":{"line":379,"column":5}},"type":"if","locations":[{"start":{"line":377,"column":4},"end":{"line":379,"column":5}}]},"41":{"loc":{"start":{"line":383,"column":4},"end":{"line":387,"column":5}},"type":"if","locations":[{"start":{"line":383,"column":4},"end":{"line":387,"column":5}}]},"42":{"loc":{"start":{"line":384,"column":6},"end":{"line":386,"column":7}},"type":"if","locations":[{"start":{"line":384,"column":6},"end":{"line":386,"column":7}}]},"43":{"loc":{"start":{"line":384,"column":10},"end":{"line":384,"column":61}},"type":"binary-expr","locations":[{"start":{"line":384,"column":10},"end":{"line":384,"column":24}},{"start":{"line":384,"column":28},"end":{"line":384,"column":61}}]},"44":{"loc":{"start":{"line":402,"column":4},"end":{"line":402,"column":null}},"type":"if","locations":[{"start":{"line":402,"column":4},"end":{"line":402,"column":null}}]},"45":{"loc":{"start":{"line":412,"column":4},"end":{"line":412,"column":null}},"type":"if","locations":[{"start":{"line":412,"column":4},"end":{"line":412,"column":null}}]},"46":{"loc":{"start":{"line":414,"column":4},"end":{"line":416,"column":5}},"type":"if","locations":[{"start":{"line":414,"column":4},"end":{"line":416,"column":5}}]},"47":{"loc":{"start":{"line":419,"column":4},"end":{"line":421,"column":5}},"type":"if","locations":[{"start":{"line":419,"column":4},"end":{"line":421,"column":5}}]},"48":{"loc":{"start":{"line":419,"column":8},"end":{"line":419,"column":37}},"type":"binary-expr","locations":[{"start":{"line":419,"column":8},"end":{"line":419,"column":13}},{"start":{"line":419,"column":17},"end":{"line":419,"column":37}}]},"49":{"loc":{"start":{"line":425,"column":4},"end":{"line":429,"column":5}},"type":"if","locations":[{"start":{"line":425,"column":4},"end":{"line":429,"column":5}}]},"50":{"loc":{"start":{"line":426,"column":6},"end":{"line":428,"column":7}},"type":"if","locations":[{"start":{"line":426,"column":6},"end":{"line":428,"column":7}}]},"51":{"loc":{"start":{"line":426,"column":10},"end":{"line":426,"column":61}},"type":"binary-expr","locations":[{"start":{"line":426,"column":10},"end":{"line":426,"column":24}},{"start":{"line":426,"column":28},"end":{"line":426,"column":61}}]}},"s":{"0":1,"1":1,"2":1,"3":1,"4":2,"5":2,"6":1,"7":0,"8":1,"9":1,"10":0,"11":1,"12":1,"13":0,"14":0,"15":0,"16":0,"17":0,"18":0,"19":0,"20":0,"21":0,"22":0,"23":0,"24":0,"25":0,"26":0,"27":0,"28":0,"29":0,"30":0,"31":0,"32":0,"33":0,"34":0,"35":0,"36":0,"37":0,"38":0,"39":0,"40":0,"41":0,"42":0,"43":0,"44":0,"45":0,"46":0,"47":0,"48":0,"49":0,"50":0,"51":0,"52":0,"53":0,"54":0,"55":0,"56":0,"57":0,"58":0,"59":0,"60":0,"61":0,"62":0,"63":0,"64":0,"65":0,"66":0,"67":0,"68":0,"69":0,"70":0,"71":0,"72":0,"73":0,"74":0,"75":0,"76":0,"77":0,"78":0,"79":0,"80":0,"81":0,"82":0,"83":0,"84":0,"85":0,"86":0,"87":0,"88":0,"89":0,"90":0,"91":0,"92":0,"93":0,"94":0,"95":0,"96":0,"97":0,"98":0,"99":0,"100":0,"101":0,"102":0,"103":0,"104":0,"105":0,"106":0,"107":0,"108":0,"109":0,"110":0,"111":0,"112":0,"113":0,"114":0,"115":0,"116":0,"117":0,"118":0,"119":0,"120":0,"121":0,"122":0,"123":0,"124":0,"125":0,"126":0,"127":0,"128":0,"129":0,"130":0,"131":0,"132":0,"133":0,"134":0,"135":0,"136":0,"137":0,"138":0,"139":0,"140":0,"141":0,"142":0,"143":0,"144":0,"145":0,"146":0,"147":0,"148":0,"149":0,"150":0,"151":0,"152":0,"153":0,"154":0,"155":0,"156":0,"157":0,"158":0,"159":0,"160":0,"161":0,"162":0,"163":0,"164":0,"165":1},"f":{"0":2,"1":0,"2":0,"3":0,"4":0,"5":0,"6":0,"7":0,"8":0,"9":0,"10":0,"11":0,"12":0,"13":0,"14":0,"15":0,"16":0},"b":{"0":[0],"1":[0],"2":[1,0],"3":[1,1,0],"4":[0],"5":[0,0],"6":[0,0],"7":[0,0],"8":[0,0],"9":[0],"10":[0,0],"11":[0],"12":[0],"13":[0],"14":[0],"15":[0],"16":[0],"17":[0],"18":[0],"19":[0],"20":[0,0],"21":[0],"22":[0],"23":[0],"24":[0],"25":[0,0],"26":[0,0],"27":[0],"28":[0],"29":[0],"30":[0],"31":[0,0],"32":[0],"33":[0],"34":[0],"35":[0],"36":[0,0],"37":[0],"38":[0],"39":[0],"40":[0],"41":[0],"42":[0],"43":[0,0],"44":[0],"45":[0],"46":[0],"47":[0],"48":[0,0],"49":[0],"50":[0],"51":[0,0]}}
,"C:\\PASTAD\\SYNC-MEU WEB\\LEARN\\HELPDESK FULLSTACK\\api\\src\\middlewares\\error-handling.ts": {"path":"C:\\PASTAD\\SYNC-MEU WEB\\LEARN\\HELPDESK FULLSTACK\\api\\src\\middlewares\\error-handling.ts","statementMap":{"0":{"start":{"line":1,"column":0},"end":{"line":1,"column":43}},"1":{"start":{"line":3,"column":0},"end":{"line":3,"column":30}},"2":{"start":{"line":5,"column":50},"end":{"line":22,"column":1}},"3":{"start":{"line":11,"column":2},"end":{"line":13,"column":3}},"4":{"start":{"line":12,"column":4},"end":{"line":12,"column":null}},"5":{"start":{"line":15,"column":2},"end":{"line":19,"column":3}},"6":{"start":{"line":16,"column":4},"end":{"line":18,"column":null}},"7":{"start":{"line":21,"column":2},"end":{"line":21,"column":null}},"8":{"start":{"line":5,"column":13},"end":{"line":5,"column":50}}},"fnMap":{"0":{"name":"(anonymous_0)","decl":{"start":{"line":5,"column":50},"end":{"line":5,"column":null}},"loc":{"start":{"line":10,"column":4},"end":{"line":22,"column":1}}}},"branchMap":{"0":{"loc":{"start":{"line":11,"column":2},"end":{"line":13,"column":3}},"type":"if","locations":[{"start":{"line":11,"column":2},"end":{"line":13,"column":3}}]},"1":{"loc":{"start":{"line":15,"column":2},"end":{"line":19,"column":3}},"type":"if","locations":[{"start":{"line":15,"column":2},"end":{"line":19,"column":3}}]}},"s":{"0":1,"1":1,"2":1,"3":1,"4":0,"5":1,"6":1,"7":0,"8":1},"f":{"0":1},"b":{"0":[0],"1":[1]}}
,"C:\\PASTAD\\SYNC-MEU WEB\\LEARN\\HELPDESK FULLSTACK\\api\\src\\routes\\index.ts": {"path":"C:\\PASTAD\\SYNC-MEU WEB\\LEARN\\HELPDESK FULLSTACK\\api\\src\\routes\\index.ts","statementMap":{"0":{"start":{"line":1,"column":0},"end":{"line":1,"column":32}},"1":{"start":{"line":3,"column":0},"end":{"line":3,"column":44}},"2":{"start":{"line":4,"column":0},"end":{"line":4,"column":50}},"3":{"start":{"line":5,"column":0},"end":{"line":5,"column":72}},"4":{"start":{"line":7,"column":0},"end":{"line":7,"column":48}},"5":{"start":{"line":8,"column":0},"end":{"line":8,"column":50}},"6":{"start":{"line":10,"column":15},"end":{"line":10,"column":23}},"7":{"start":{"line":20,"column":9},"end":{"line":20,"column":15}},"8":{"start":{"line":12,"column":0},"end":{"line":12,"column":null}},"9":{"start":{"line":13,"column":0},"end":{"line":13,"column":null}},"10":{"start":{"line":16,"column":0},"end":{"line":16,"column":null}},"11":{"start":{"line":17,"column":0},"end":{"line":17,"column":null}},"12":{"start":{"line":18,"column":0},"end":{"line":18,"column":null}}},"fnMap":{},"branchMap":{},"s":{"0":1,"1":1,"2":1,"3":1,"4":1,"5":1,"6":1,"7":1,"8":1,"9":1,"10":1,"11":1,"12":1},"f":{},"b":{}}
,"C:\\PASTAD\\SYNC-MEU WEB\\LEARN\\HELPDESK FULLSTACK\\api\\src\\routes\\services-routes.ts": {"path":"C:\\PASTAD\\SYNC-MEU WEB\\LEARN\\HELPDESK FULLSTACK\\api\\src\\routes\\services-routes.ts","statementMap":{"0":{"start":{"line":1,"column":0},"end":{"line":1,"column":32}},"1":{"start":{"line":2,"column":0},"end":{"line":2,"column":70}},"2":{"start":{"line":3,"column":0},"end":{"line":3,"column":81}},"3":{"start":{"line":5,"column":23},"end":{"line":5,"column":31}},"4":{"start":{"line":28,"column":9},"end":{"line":28,"column":23}},"5":{"start":{"line":6,"column":19},"end":{"line":6,"column":43}},"6":{"start":{"line":9,"column":0},"end":{"line":13,"column":null}},"7":{"start":{"line":16,"column":0},"end":{"line":16,"column":null}},"8":{"start":{"line":17,"column":0},"end":{"line":21,"column":null}},"9":{"start":{"line":22,"column":0},"end":{"line":26,"column":null}}},"fnMap":{},"branchMap":{},"s":{"0":1,"1":1,"2":1,"3":1,"4":1,"5":1,"6":1,"7":1,"8":1,"9":1},"f":{},"b":{}}
,"C:\\PASTAD\\SYNC-MEU WEB\\LEARN\\HELPDESK FULLSTACK\\api\\src\\routes\\sessions-routes.ts": {"path":"C:\\PASTAD\\SYNC-MEU WEB\\LEARN\\HELPDESK FULLSTACK\\api\\src\\routes\\sessions-routes.ts","statementMap":{"0":{"start":{"line":1,"column":0},"end":{"line":1,"column":32}},"1":{"start":{"line":3,"column":0},"end":{"line":3,"column":70}},"2":{"start":{"line":5,"column":23},"end":{"line":5,"column":31}},"3":{"start":{"line":10,"column":9},"end":{"line":10,"column":23}},"4":{"start":{"line":6,"column":27},"end":{"line":6,"column":51}},"5":{"start":{"line":8,"column":0},"end":{"line":8,"column":null}}},"fnMap":{},"branchMap":{},"s":{"0":1,"1":1,"2":1,"3":1,"4":1,"5":1},"f":{},"b":{}}
,"C:\\PASTAD\\SYNC-MEU WEB\\LEARN\\HELPDESK FULLSTACK\\api\\src\\routes\\static-routes.ts": {"path":"C:\\PASTAD\\SYNC-MEU WEB\\LEARN\\HELPDESK FULLSTACK\\api\\src\\routes\\static-routes.ts","statementMap":{"0":{"start":{"line":1,"column":0},"end":{"line":1,"column":29}},"1":{"start":{"line":2,"column":0},"end":{"line":2,"column":23}},"2":{"start":{"line":4,"column":21},"end":{"line":4,"column":37}},"3":{"start":{"line":18,"column":9},"end":{"line":18,"column":21}},"4":{"start":{"line":7,"column":0},"end":{"line":10,"column":null}},"5":{"start":{"line":13,"column":0},"end":{"line":16,"column":null}}},"fnMap":{},"branchMap":{},"s":{"0":1,"1":1,"2":1,"3":1,"4":1,"5":1},"f":{},"b":{}}
,"C:\\PASTAD\\SYNC-MEU WEB\\LEARN\\HELPDESK FULLSTACK\\api\\src\\routes\\tickets-routes.ts": {"path":"C:\\PASTAD\\SYNC-MEU WEB\\LEARN\\HELPDESK FULLSTACK\\api\\src\\routes\\tickets-routes.ts","statementMap":{"0":{"start":{"line":1,"column":0},"end":{"line":1,"column":32}},"1":{"start":{"line":3,"column":0},"end":{"line":3,"column":68}},"2":{"start":{"line":4,"column":0},"end":{"line":4,"column":81}},"3":{"start":{"line":6,"column":22},"end":{"line":6,"column":30}},"4":{"start":{"line":67,"column":9},"end":{"line":67,"column":22}},"5":{"start":{"line":7,"column":26},"end":{"line":7,"column":49}},"6":{"start":{"line":9,"column":0},"end":{"line":13,"column":null}},"7":{"start":{"line":15,"column":0},"end":{"line":19,"column":null}},"8":{"start":{"line":21,"column":0},"end":{"line":25,"column":null}},"9":{"start":{"line":27,"column":0},"end":{"line":31,"column":null}},"10":{"start":{"line":33,"column":0},"end":{"line":37,"column":null}},"11":{"start":{"line":40,"column":0},"end":{"line":44,"column":null}},"12":{"start":{"line":47,"column":0},"end":{"line":51,"column":null}},"13":{"start":{"line":54,"column":0},"end":{"line":58,"column":null}},"14":{"start":{"line":61,"column":0},"end":{"line":65,"column":null}},"15":{"start":{"line":70,"column":0},"end":{"line":74,"column":null}},"16":{"start":{"line":76,"column":0},"end":{"line":80,"column":null}},"17":{"start":{"line":82,"column":0},"end":{"line":86,"column":null}}},"fnMap":{},"branchMap":{},"s":{"0":1,"1":1,"2":1,"3":1,"4":1,"5":1,"6":1,"7":1,"8":1,"9":1,"10":1,"11":1,"12":1,"13":1,"14":1,"15":1,"16":1,"17":1},"f":{},"b":{}}
,"C:\\PASTAD\\SYNC-MEU WEB\\LEARN\\HELPDESK FULLSTACK\\api\\src\\routes\\users-routes.ts": {"path":"C:\\PASTAD\\SYNC-MEU WEB\\LEARN\\HELPDESK FULLSTACK\\api\\src\\routes\\users-routes.ts","statementMap":{"0":{"start":{"line":1,"column":0},"end":{"line":1,"column":32}},"1":{"start":{"line":3,"column":0},"end":{"line":3,"column":64}},"2":{"start":{"line":4,"column":0},"end":{"line":4,"column":72}},"3":{"start":{"line":5,"column":0},"end":{"line":5,"column":81}},"4":{"start":{"line":6,"column":0},"end":{"line":6,"column":51}},"5":{"start":{"line":8,"column":20},"end":{"line":8,"column":28}},"6":{"start":{"line":45,"column":9},"end":{"line":45,"column":20}},"7":{"start":{"line":9,"column":24},"end":{"line":9,"column":45}},"8":{"start":{"line":11,"column":0},"end":{"line":11,"column":null}},"9":{"start":{"line":12,"column":0},"end":{"line":12,"column":null}},"10":{"start":{"line":13,"column":0},"end":{"line":18,"column":null}},"11":{"start":{"line":19,"column":0},"end":{"line":23,"column":null}},"12":{"start":{"line":26,"column":0},"end":{"line":31,"column":null}},"13":{"start":{"line":32,"column":0},"end":{"line":37,"column":null}},"14":{"start":{"line":38,"column":0},"end":{"line":43,"column":null}}},"fnMap":{},"branchMap":{},"s":{"0":1,"1":1,"2":1,"3":1,"4":1,"5":1,"6":1,"7":1,"8":1,"9":1,"10":1,"11":1,"12":1,"13":1,"14":1},"f":{},"b":{}}
,"C:\\PASTAD\\SYNC-MEU WEB\\LEARN\\HELPDESK FULLSTACK\\api\\src\\utils\\AppError.ts": {"path":"C:\\PASTAD\\SYNC-MEU WEB\\LEARN\\HELPDESK FULLSTACK\\api\\src\\utils\\AppError.ts","statementMap":{"0":{"start":{"line":6,"column":4},"end":{"line":6,"column":null}},"1":{"start":{"line":7,"column":4},"end":{"line":7,"column":null}},"2":{"start":{"line":11,"column":9},"end":{"line":11,"column":17}}},"fnMap":{"0":{"name":"(anonymous_0)","decl":{"start":{"line":5,"column":2},"end":{"line":5,"column":14}},"loc":{"start":{"line":5,"column":55},"end":{"line":8,"column":3}}}},"branchMap":{"0":{"loc":{"start":{"line":5,"column":31},"end":{"line":5,"column":55}},"type":"default-arg","locations":[{"start":{"line":5,"column":52},"end":{"line":5,"column":55}}]}},"s":{"0":0,"1":0,"2":1},"f":{"0":0},"b":{"0":[0]}}
}
