TN:
SF:src\app.ts
FN:13,(anonymous_1)
FNF:1
FNH:0
FNDA:0,(anonymous_1)
DA:1,1
DA:2,1
DA:4,1
DA:5,1
DA:6,1
DA:8,1
DA:10,1
DA:11,1
DA:13,1
DA:14,0
DA:18,1
DA:21,1
DA:22,1
DA:24,1
LF:14
LH:13
BRF:0
BRH:0
end_of_record
TN:
SF:src\controllers\tickets-controller.ts
FN:9,(anonymous_1)
FN:54,(anonymous_2)
FN:92,(anonymous_3)
FN:96,(anonymous_4)
FN:123,(anonymous_5)
FN:145,(anonymous_6)
FN:160,(anonymous_7)
FN:172,(anonymous_8)
FN:200,(anonymous_9)
FN:217,(anonymous_10)
FN:241,(anonymous_11)
FN:268,(anonymous_12)
FN:285,(anonymous_13)
FN:315,(anonymous_14)
FN:346,(anonymous_15)
FN:362,(anonymous_16)
FN:401,(anonymous_17)
FNF:17
FNH:1
FNDA:2,(anonymous_1)
FNDA:0,(anonymous_2)
FNDA:0,(anonymous_3)
FNDA:0,(anonymous_4)
FNDA:0,(anonymous_5)
FNDA:0,(anonymous_6)
FNDA:0,(anonymous_7)
FNDA:0,(anonymous_8)
FNDA:0,(anonymous_9)
FNDA:0,(anonymous_10)
FNDA:0,(anonymous_11)
FNDA:0,(anonymous_12)
FNDA:0,(anonymous_13)
FNDA:0,(anonymous_14)
FNDA:0,(anonymous_15)
FNDA:0,(anonymous_16)
FNDA:0,(anonymous_17)
DA:2,1
DA:3,1
DA:4,1
DA:6,1
DA:10,2
DA:21,2
DA:23,1
DA:24,0
DA:29,1
DA:32,1
DA:33,0
DA:36,1
DA:51,1
DA:55,0
DA:56,0
DA:59,0
DA:65,0
DA:67,0
DA:69,0
DA:71,0
DA:74,0
DA:87,0
DA:89,0
DA:92,0
DA:95,0
DA:96,0
DA:100,0
DA:103,0
DA:105,0
DA:112,0
DA:124,0
DA:128,0
DA:130,0
DA:135,0
DA:136,0
DA:141,0
DA:144,0
DA:145,0
DA:149,0
DA:151,0
DA:157,0
DA:161,0
DA:164,0
DA:172,0
DA:176,0
DA:177,0
DA:178,0
DA:181,0
DA:182,0
DA:184,0
DA:185,0
DA:187,0
DA:195,0
DA:201,0
DA:204,0
DA:205,0
DA:206,0
DA:208,0
DA:210,0
DA:211,0
DA:213,0
DA:214,0
DA:218,0
DA:220,0
DA:221,0
DA:223,0
DA:224,0
DA:226,0
DA:227,0
DA:230,0
DA:236,0
DA:242,0
DA:244,0
DA:245,0
DA:247,0
DA:248,0
DA:250,0
DA:251,0
DA:254,0
DA:255,0
DA:258,0
DA:264,0
DA:267,0
DA:268,0
DA:272,0
DA:274,0
DA:280,0
DA:286,0
DA:288,0
DA:289,0
DA:291,0
DA:292,0
DA:294,0
DA:295,0
DA:299,0
DA:300,0
DA:301,0
DA:304,0
DA:310,0
DA:316,0
DA:318,0
DA:319,0
DA:321,0
DA:322,0
DA:324,0
DA:325,0
DA:329,0
DA:330,0
DA:331,0
DA:334,0
DA:340,0
DA:347,0
DA:348,0
DA:350,0
DA:351,0
DA:353,0
DA:358,0
DA:363,0
DA:365,0
DA:366,0
DA:371,0
DA:372,0
DA:374,0
DA:375,0
DA:377,0
DA:378,0
DA:382,0
DA:383,0
DA:384,0
DA:385,0
DA:389,0
DA:397,0
DA:402,0
DA:404,0
DA:409,0
DA:411,0
DA:412,0
DA:414,0
DA:415,0
DA:418,0
DA:419,0
DA:420,0
DA:424,0
DA:425,0
DA:426,0
DA:427,0
DA:431,0
DA:433,0
DA:437,1
LF:149
LH:12
BRDA:23,0,0,0
BRDA:32,1,0,0
BRDA:40,2,0,1
BRDA:40,2,1,0
BRDA:41,3,0,1
BRDA:41,3,1,1
BRDA:41,3,2,0
BRDA:55,4,0,0
BRDA:71,5,0,0
BRDA:71,5,1,0
BRDA:95,6,0,0
BRDA:95,6,1,0
BRDA:96,7,0,0
BRDA:96,7,1,0
BRDA:118,8,0,0
BRDA:118,8,1,0
BRDA:135,9,0,0
BRDA:145,10,0,0
BRDA:145,10,1,0
BRDA:176,11,0,0
BRDA:177,12,0,0
BRDA:185,13,0,0
BRDA:204,14,0,0
BRDA:205,15,0,0
BRDA:211,16,0,0
BRDA:218,17,0,0
BRDA:224,18,0,0
BRDA:226,19,0,0
BRDA:226,20,0,0
BRDA:226,20,1,0
BRDA:242,21,0,0
BRDA:248,22,0,0
BRDA:250,23,0,0
BRDA:254,24,0,0
BRDA:254,25,0,0
BRDA:254,25,1,0
BRDA:268,26,0,0
BRDA:268,26,1,0
BRDA:286,27,0,0
BRDA:292,28,0,0
BRDA:294,29,0,0
BRDA:300,30,0,0
BRDA:300,31,0,0
BRDA:300,31,1,0
BRDA:316,32,0,0
BRDA:322,33,0,0
BRDA:324,34,0,0
BRDA:330,35,0,0
BRDA:330,36,0,0
BRDA:330,36,1,0
BRDA:351,37,0,0
BRDA:363,38,0,0
BRDA:375,39,0,0
BRDA:377,40,0,0
BRDA:383,41,0,0
BRDA:384,42,0,0
BRDA:384,43,0,0
BRDA:384,43,1,0
BRDA:402,44,0,0
BRDA:412,45,0,0
BRDA:414,46,0,0
BRDA:419,47,0,0
BRDA:419,48,0,0
BRDA:419,48,1,0
BRDA:425,49,0,0
BRDA:426,50,0,0
BRDA:426,51,0,0
BRDA:426,51,1,0
BRF:68
BRH:3
end_of_record
TN:
SF:src\middlewares\error-handling.ts
FN:5,(anonymous_0)
FNF:1
FNH:1
FNDA:1,(anonymous_0)
DA:1,1
DA:3,1
DA:5,1
DA:11,1
DA:12,0
DA:15,1
DA:16,1
DA:21,0
LF:8
LH:6
BRDA:11,0,0,0
BRDA:15,1,0,1
BRF:2
BRH:1
end_of_record
TN:
SF:src\routes\index.ts
FNF:0
FNH:0
DA:1,1
DA:3,1
DA:4,1
DA:5,1
DA:7,1
DA:8,1
DA:10,1
DA:12,1
DA:13,1
DA:16,1
DA:17,1
DA:18,1
DA:20,1
LF:13
LH:13
BRF:0
BRH:0
end_of_record
TN:
SF:src\routes\services-routes.ts
FNF:0
FNH:0
DA:1,1
DA:2,1
DA:3,1
DA:5,1
DA:6,1
DA:9,1
DA:16,1
DA:17,1
DA:22,1
DA:28,1
LF:10
LH:10
BRF:0
BRH:0
end_of_record
TN:
SF:src\routes\sessions-routes.ts
FNF:0
FNH:0
DA:1,1
DA:3,1
DA:5,1
DA:6,1
DA:8,1
DA:10,1
LF:6
LH:6
BRF:0
BRH:0
end_of_record
TN:
SF:src\routes\static-routes.ts
FNF:0
FNH:0
DA:1,1
DA:2,1
DA:4,1
DA:7,1
DA:13,1
DA:18,1
LF:6
LH:6
BRF:0
BRH:0
end_of_record
TN:
SF:src\routes\tickets-routes.ts
FNF:0
FNH:0
DA:1,1
DA:3,1
DA:4,1
DA:6,1
DA:7,1
DA:9,1
DA:15,1
DA:21,1
DA:27,1
DA:33,1
DA:40,1
DA:47,1
DA:54,1
DA:61,1
DA:67,1
DA:70,1
DA:76,1
DA:82,1
LF:18
LH:18
BRF:0
BRH:0
end_of_record
TN:
SF:src\routes\users-routes.ts
FNF:0
FNH:0
DA:1,1
DA:3,1
DA:4,1
DA:5,1
DA:6,1
DA:8,1
DA:9,1
DA:11,1
DA:12,1
DA:13,1
DA:19,1
DA:26,1
DA:32,1
DA:38,1
DA:45,1
LF:15
LH:15
BRF:0
BRH:0
end_of_record
TN:
SF:src\utils\AppError.ts
FN:5,(anonymous_0)
FNF:1
FNH:0
FNDA:0,(anonymous_0)
DA:6,0
DA:7,0
DA:11,1
LF:3
LH:1
BRDA:5,0,0,0
BRF:1
BRH:0
end_of_record
